<?xml version="1.0" encoding="UTF-8"?>
<!-- Generated by org.testng.reporters.JUnitXMLReporter -->
<testsuite ignored="0" hostname="OPTIMUSPRIME" failures="0" tests="10" name="Test1" time="0.115" errors="0" timestamp="06 Apr 2022 12:32:34 GMT">
  <testcase classname="test.day1" name="Apply" time="0.01"/>
  <testcase classname="test.day1" name="GetANumber" time="0.003"/>
  <testcase classname="test.day2" name="Download" time="0.002"/>
  <testcase classname="test.day2" name="Verify" time="0.003"/>
  <testcase classname="test.day3" name="loginOfficial" time="0.003"/>
  <testcase classname="test.day3" name="loginUser" time="0.002"/>
  <testcase classname="test.day3" name="submit" time="0.003"/>
  <testcase classname="test.day4" name="Taxcollectorlogin" time="0.002"/>
  <testcase classname="test.day4" name="putInsepctionReport" time="0.002"/>
  <testcase classname="test.day4" name="submitReport" time="0.003"/>
</testsuite> <!-- Test1 -->
