<?xml version="1.0" encoding="UTF-8"?>
<testng-results ignored="0" total="13" passed="13" failed="0" skipped="0">
  <reporter-output>
  </reporter-output>
  <suite started-at="2023-06-13T22:19:12 IST" name="AutomationSuite" finished-at="2023-06-13T22:19:12 IST" duration-ms="189">
    <groups>
      <group name="Sanity">
        <method signature="NxtGenAi_Suite.navigateToRegisterDemo()[pri:1, instance:com.TestNg_Methods.NxtGenAi_Suite@2dfaea86]" name="navigateToRegisterDemo" class="com.TestNg_Methods.NxtGenAi_Suite"/>
        <method signature="NxtGenAi_Suite.registerForDomo()[pri:2, instance:com.TestNg_Methods.NxtGenAi_Suite@2dfaea86]" name="registerForDomo" class="com.TestNg_Methods.NxtGenAi_Suite"/>
        <method signature="NxtGenAi_Suite.navigateToPythonForDataScience()[pri:3, instance:com.TestNg_Methods.NxtGenAi_Suite@2dfaea86]" name="navigateToPythonForDataScience" class="com.TestNg_Methods.NxtGenAi_Suite"/>
        <method signature="NxtGenAi_Suite.navigateToAutomationWindow()[pri:4, instance:com.TestNg_Methods.NxtGenAi_Suite@2dfaea86]" name="navigateToAutomationWindow" class="com.TestNg_Methods.NxtGenAi_Suite"/>
        <method signature="NxtGenAi_Suite.handelNewBrowserWindow()[pri:5, instance:com.TestNg_Methods.NxtGenAi_Suite@2dfaea86]" name="handelNewBrowserWindow" class="com.TestNg_Methods.NxtGenAi_Suite"/>
        <method signature="NxtGenAi_Suite.navigateToAutomationAlertPopUp()[pri:8, instance:com.TestNg_Methods.NxtGenAi_Suite@2dfaea86]" name="navigateToAutomationAlertPopUp" class="com.TestNg_Methods.NxtGenAi_Suite"/>
        <method signature="NxtGenAi_Suite.handleConfirmAlertPopUp()[pri:9, instance:com.TestNg_Methods.NxtGenAi_Suite@2dfaea86]" name="handleConfirmAlertPopUp" class="com.TestNg_Methods.NxtGenAi_Suite"/>
        <method signature="NxtGenAi_Suite.navigateToAUtomationTable()[pri:12, instance:com.TestNg_Methods.NxtGenAi_Suite@2dfaea86]" name="navigateToAUtomationTable" class="com.TestNg_Methods.NxtGenAi_Suite"/>
        <method signature="NxtGenAi_Suite.extractEmployeeDetails()[pri:13, instance:com.TestNg_Methods.NxtGenAi_Suite@2dfaea86]" name="extractEmployeeDetails" class="com.TestNg_Methods.NxtGenAi_Suite"/>
      </group> <!-- Sanity -->
      <group name="Regression">
        <method signature="NxtGenAi_Suite.navigateToRegisterDemo()[pri:1, instance:com.TestNg_Methods.NxtGenAi_Suite@2dfaea86]" name="navigateToRegisterDemo" class="com.TestNg_Methods.NxtGenAi_Suite"/>
        <method signature="NxtGenAi_Suite.registerForDomo()[pri:2, instance:com.TestNg_Methods.NxtGenAi_Suite@2dfaea86]" name="registerForDomo" class="com.TestNg_Methods.NxtGenAi_Suite"/>
        <method signature="NxtGenAi_Suite.navigateToPythonForDataScience()[pri:3, instance:com.TestNg_Methods.NxtGenAi_Suite@2dfaea86]" name="navigateToPythonForDataScience" class="com.TestNg_Methods.NxtGenAi_Suite"/>
        <method signature="NxtGenAi_Suite.navigateToAutomationWindow()[pri:4, instance:com.TestNg_Methods.NxtGenAi_Suite@2dfaea86]" name="navigateToAutomationWindow" class="com.TestNg_Methods.NxtGenAi_Suite"/>
        <method signature="NxtGenAi_Suite.handelNewBrowserWindow()[pri:5, instance:com.TestNg_Methods.NxtGenAi_Suite@2dfaea86]" name="handelNewBrowserWindow" class="com.TestNg_Methods.NxtGenAi_Suite"/>
        <method signature="NxtGenAi_Suite.handleNewMessageWindow()[pri:6, instance:com.TestNg_Methods.NxtGenAi_Suite@2dfaea86]" name="handleNewMessageWindow" class="com.TestNg_Methods.NxtGenAi_Suite"/>
        <method signature="NxtGenAi_Suite.handelNewTab()[pri:7, instance:com.TestNg_Methods.NxtGenAi_Suite@2dfaea86]" name="handelNewTab" class="com.TestNg_Methods.NxtGenAi_Suite"/>
        <method signature="NxtGenAi_Suite.navigateToAutomationAlertPopUp()[pri:8, instance:com.TestNg_Methods.NxtGenAi_Suite@2dfaea86]" name="navigateToAutomationAlertPopUp" class="com.TestNg_Methods.NxtGenAi_Suite"/>
        <method signature="NxtGenAi_Suite.handleConfirmAlertPopUp()[pri:9, instance:com.TestNg_Methods.NxtGenAi_Suite@2dfaea86]" name="handleConfirmAlertPopUp" class="com.TestNg_Methods.NxtGenAi_Suite"/>
        <method signature="NxtGenAi_Suite.handelAlertPopUp()[pri:10, instance:com.TestNg_Methods.NxtGenAi_Suite@2dfaea86]" name="handelAlertPopUp" class="com.TestNg_Methods.NxtGenAi_Suite"/>
        <method signature="NxtGenAi_Suite.handelPromptPopUp()[pri:11, instance:com.TestNg_Methods.NxtGenAi_Suite@2dfaea86]" name="handelPromptPopUp" class="com.TestNg_Methods.NxtGenAi_Suite"/>
        <method signature="NxtGenAi_Suite.navigateToAUtomationTable()[pri:12, instance:com.TestNg_Methods.NxtGenAi_Suite@2dfaea86]" name="navigateToAUtomationTable" class="com.TestNg_Methods.NxtGenAi_Suite"/>
        <method signature="NxtGenAi_Suite.extractEmployeeDetails()[pri:13, instance:com.TestNg_Methods.NxtGenAi_Suite@2dfaea86]" name="extractEmployeeDetails" class="com.TestNg_Methods.NxtGenAi_Suite"/>
      </group> <!-- Regression -->
      <group name="Smoke">
        <method signature="NxtGenAi_Suite.navigateToRegisterDemo()[pri:1, instance:com.TestNg_Methods.NxtGenAi_Suite@2dfaea86]" name="navigateToRegisterDemo" class="com.TestNg_Methods.NxtGenAi_Suite"/>
        <method signature="NxtGenAi_Suite.registerForDomo()[pri:2, instance:com.TestNg_Methods.NxtGenAi_Suite@2dfaea86]" name="registerForDomo" class="com.TestNg_Methods.NxtGenAi_Suite"/>
        <method signature="NxtGenAi_Suite.navigateToPythonForDataScience()[pri:3, instance:com.TestNg_Methods.NxtGenAi_Suite@2dfaea86]" name="navigateToPythonForDataScience" class="com.TestNg_Methods.NxtGenAi_Suite"/>
      </group> <!-- Smoke -->
    </groups>
    <test started-at="2023-06-13T22:19:12 IST" name="NxtGenAIModules" finished-at="2023-06-13T22:19:12 IST" duration-ms="189">
      <class name="com.TestNg_Methods.NxtGenAi_Suite">
        <test-method is-config="true" signature="lunchApplication()[pri:0, instance:com.TestNg_Methods.NxtGenAi_Suite@2dfaea86]" started-at="2023-06-13T22:19:12 IST" name="lunchApplication" finished-at="2023-06-13T22:19:12 IST" duration-ms="46" status="PASS">
          <reporter-output>
          </reporter-output>
        </test-method> <!-- lunchApplication -->
        <test-method signature="navigateToRegisterDemo()[pri:1, instance:com.TestNg_Methods.NxtGenAi_Suite@2dfaea86]" started-at="2023-06-13T22:19:12 IST" name="navigateToRegisterDemo" finished-at="2023-06-13T22:19:12 IST" duration-ms="12" status="PASS">
          <reporter-output>
          </reporter-output>
        </test-method> <!-- navigateToRegisterDemo -->
        <test-method signature="registerForDomo()[pri:2, instance:com.TestNg_Methods.NxtGenAi_Suite@2dfaea86]" started-at="2023-06-13T22:19:12 IST" name="registerForDomo" finished-at="2023-06-13T22:19:12 IST" duration-ms="3" status="PASS">
          <reporter-output>
          </reporter-output>
        </test-method> <!-- registerForDomo -->
        <test-method signature="navigateToPythonForDataScience()[pri:3, instance:com.TestNg_Methods.NxtGenAi_Suite@2dfaea86]" started-at="2023-06-13T22:19:12 IST" name="navigateToPythonForDataScience" finished-at="2023-06-13T22:19:12 IST" duration-ms="3" status="PASS">
          <reporter-output>
          </reporter-output>
        </test-method> <!-- navigateToPythonForDataScience -->
        <test-method signature="navigateToAutomationWindow()[pri:4, instance:com.TestNg_Methods.NxtGenAi_Suite@2dfaea86]" started-at="2023-06-13T22:19:12 IST" name="navigateToAutomationWindow" finished-at="2023-06-13T22:19:12 IST" duration-ms="3" status="PASS">
          <reporter-output>
          </reporter-output>
        </test-method> <!-- navigateToAutomationWindow -->
        <test-method signature="handelNewBrowserWindow()[pri:5, instance:com.TestNg_Methods.NxtGenAi_Suite@2dfaea86]" started-at="2023-06-13T22:19:12 IST" name="handelNewBrowserWindow" finished-at="2023-06-13T22:19:12 IST" duration-ms="2" status="PASS">
          <reporter-output>
          </reporter-output>
        </test-method> <!-- handelNewBrowserWindow -->
        <test-method signature="handleNewMessageWindow()[pri:6, instance:com.TestNg_Methods.NxtGenAi_Suite@2dfaea86]" started-at="2023-06-13T22:19:12 IST" name="handleNewMessageWindow" finished-at="2023-06-13T22:19:12 IST" duration-ms="3" status="PASS">
          <reporter-output>
          </reporter-output>
        </test-method> <!-- handleNewMessageWindow -->
        <test-method signature="handelNewTab()[pri:7, instance:com.TestNg_Methods.NxtGenAi_Suite@2dfaea86]" started-at="2023-06-13T22:19:12 IST" name="handelNewTab" finished-at="2023-06-13T22:19:12 IST" duration-ms="3" status="PASS">
          <reporter-output>
          </reporter-output>
        </test-method> <!-- handelNewTab -->
        <test-method signature="navigateToAutomationAlertPopUp()[pri:8, instance:com.TestNg_Methods.NxtGenAi_Suite@2dfaea86]" started-at="2023-06-13T22:19:12 IST" name="navigateToAutomationAlertPopUp" finished-at="2023-06-13T22:19:12 IST" duration-ms="3" status="PASS">
          <reporter-output>
          </reporter-output>
        </test-method> <!-- navigateToAutomationAlertPopUp -->
        <test-method signature="handleConfirmAlertPopUp()[pri:9, instance:com.TestNg_Methods.NxtGenAi_Suite@2dfaea86]" started-at="2023-06-13T22:19:12 IST" name="handleConfirmAlertPopUp" finished-at="2023-06-13T22:19:12 IST" duration-ms="2" status="PASS">
          <reporter-output>
          </reporter-output>
        </test-method> <!-- handleConfirmAlertPopUp -->
        <test-method signature="handelAlertPopUp()[pri:10, instance:com.TestNg_Methods.NxtGenAi_Suite@2dfaea86]" started-at="2023-06-13T22:19:12 IST" name="handelAlertPopUp" finished-at="2023-06-13T22:19:12 IST" duration-ms="3" status="PASS">
          <reporter-output>
          </reporter-output>
        </test-method> <!-- handelAlertPopUp -->
        <test-method signature="handelPromptPopUp()[pri:11, instance:com.TestNg_Methods.NxtGenAi_Suite@2dfaea86]" started-at="2023-06-13T22:19:12 IST" name="handelPromptPopUp" finished-at="2023-06-13T22:19:12 IST" duration-ms="2" status="PASS">
          <reporter-output>
          </reporter-output>
        </test-method> <!-- handelPromptPopUp -->
        <test-method signature="navigateToAUtomationTable()[pri:12, instance:com.TestNg_Methods.NxtGenAi_Suite@2dfaea86]" started-at="2023-06-13T22:19:12 IST" name="navigateToAUtomationTable" finished-at="2023-06-13T22:19:12 IST" duration-ms="2" status="PASS">
          <reporter-output>
          </reporter-output>
        </test-method> <!-- navigateToAUtomationTable -->
        <test-method signature="extractEmployeeDetails()[pri:13, instance:com.TestNg_Methods.NxtGenAi_Suite@2dfaea86]" started-at="2023-06-13T22:19:12 IST" name="extractEmployeeDetails" finished-at="2023-06-13T22:19:12 IST" duration-ms="2" status="PASS">
          <reporter-output>
          </reporter-output>
        </test-method> <!-- extractEmployeeDetails -->
        <test-method is-config="true" signature="closeApplication()[pri:0, instance:com.TestNg_Methods.NxtGenAi_Suite@2dfaea86]" started-at="2023-06-13T22:19:12 IST" name="closeApplication" finished-at="2023-06-13T22:19:12 IST" duration-ms="1" status="PASS">
          <reporter-output>
          </reporter-output>
        </test-method> <!-- closeApplication -->
      </class> <!-- com.TestNg_Methods.NxtGenAi_Suite -->
    </test> <!-- NxtGenAIModules -->
  </suite> <!-- AutomationSuite -->
</testng-results>
