<?xml version="1.0" encoding="UTF-8"?>
<!-- Generated by org.testng.reporters.JUnitXMLReporter -->
<testsuite ignored="6" hostname="OPTIMUSPRIME" failures="0" tests="19" name="NxtGen AI Suite" time="3.541" errors="0" timestamp="2022-11-04T17:24:13 IST">
  <testcase classname="com.nxtgenai.driverscript.TestBase" name="@BeforeSuite setUp" time="93.071">
    <failure type="org.openqa.selenium.SessionNotCreatedException" message="Could not start a new session. Response code 500. Message: session not created: This version of ChromeDriver only supports Chrome version 102
Current browser version is 107.0.5304.87 with binary path C:\Program Files (x86)\Google\Chrome\Application\chrome.exe
Build info: version: &amp;apos;4.2.2&amp;apos;, revision: &amp;apos;683ccb65d6&amp;apos;
System info: host: &amp;apos;OPTIMUSPRIME&amp;apos;, ip: &amp;apos;192.168.29.17&amp;apos;, os.name: &amp;apos;Windows 7&amp;apos;, os.arch: &amp;apos;amd64&amp;apos;, os.version: &amp;apos;6.1&amp;apos;, java.version: &amp;apos;11.0.16&amp;apos;
Driver info: org.openqa.selenium.chrome.ChromeDriver
Command: [null, newSession {capabilities=[Capabilities {browserName: chrome, goog:chromeOptions: {args: [], extensions: []}}], desiredCapabilities=Capabilities {browserName: chrome, goog:chromeOptions: {args: [], extensions: []}}}]">
      <![CDATA[org.openqa.selenium.SessionNotCreatedException: Could not start a new session. Response code 500. Message: session not created: This version of ChromeDriver only supports Chrome version 102
Current browser version is 107.0.5304.87 with binary path C:\Program Files (x86)\Google\Chrome\Application\chrome.exe
Build info: version: '4.2.2', revision: '683ccb65d6'
System info: host: 'OPTIMUSPRIME', ip: '192.168.29.17', os.name: 'Windows 7', os.arch: 'amd64', os.version: '6.1', java.version: '11.0.16'
Driver info: org.openqa.selenium.chrome.ChromeDriver
Command: [null, newSession {capabilities=[Capabilities {browserName: chrome, goog:chromeOptions: {args: [], extensions: []}}], desiredCapabilities=Capabilities {browserName: chrome, goog:chromeOptions: {args: [], extensions: []}}}]
at org.openqa.selenium.remote.ProtocolHandshake.createSession(ProtocolHandshake.java:144)
at org.openqa.selenium.remote.ProtocolHandshake.createSession(ProtocolHandshake.java:102)
at org.openqa.selenium.remote.ProtocolHandshake.createSession(ProtocolHandshake.java:67)
at org.openqa.selenium.remote.HttpCommandExecutor.execute(HttpCommandExecutor.java:156)
at org.openqa.selenium.remote.service.DriverCommandExecutor.invokeExecute(DriverCommandExecutor.java:167)
at org.openqa.selenium.remote.service.DriverCommandExecutor.execute(DriverCommandExecutor.java:142)
at org.openqa.selenium.remote.RemoteWebDriver.execute(RemoteWebDriver.java:588)
at org.openqa.selenium.remote.RemoteWebDriver.startSession(RemoteWebDriver.java:283)
at org.openqa.selenium.remote.RemoteWebDriver.<init>(RemoteWebDriver.java:184)
at org.openqa.selenium.chromium.ChromiumDriver.<init>(ChromiumDriver.java:106)
at org.openqa.selenium.chrome.ChromeDriver.<init>(ChromeDriver.java:106)
at org.openqa.selenium.chrome.ChromeDriver.<init>(ChromeDriver.java:93)
at org.openqa.selenium.chrome.ChromeDriver.<init>(ChromeDriver.java:48)
at com.nxtgenai.driverscript.TestBase.setUp(TestBase.java:49)
... Removed 19 stack frames]]>
    </failure>
  </testcase> <!-- @BeforeSuite setUp -->
  <testcase classname="com.nxtgenai.testcases.HandlingPopUp" name="@BeforeClass navigateToAlertPopUp" time="0.0">
    <skipped/>
  </testcase> <!-- @BeforeClass navigateToAlertPopUp -->
  <testcase classname="com.nxtgenai.testcases.HandlingMultipleWindows" name="@BeforeClass navigateToMultipleWindows" time="0.0">
    <skipped/>
  </testcase> <!-- @BeforeClass navigateToMultipleWindows -->
  <testcase classname="com.nxtgenai.testcases.ScreenNavigation" name="validatingPythonForDataScienceNavigation" time="0.001">
    <skipped/>
  </testcase> <!-- validatingPythonForDataScienceNavigation -->
  <testcase classname="com.nxtgenai.testcases.ScreenNavigation" name="validatingCourseCompletionCertificateNavigation" time="0.001">
    <skipped/>
  </testcase> <!-- validatingCourseCompletionCertificateNavigation -->
  <testcase classname="com.nxtgenai.testcases.ScreenNavigation" name="validatingSeleniumOnlineTrainingNavigation" time="0.0">
    <skipped/>
  </testcase> <!-- validatingSeleniumOnlineTrainingNavigation -->
  <testcase classname="com.nxtgenai.testcases.ScreenNavigation" name="validatingRegistrationFormNavigation" time="0.0">
    <skipped/>
  </testcase> <!-- validatingRegistrationFormNavigation -->
  <testcase classname="com.nxtgenai.testcases.ScreenNavigation" name="validatingAlertPopUpNavigation" time="0.0">
    <skipped/>
  </testcase> <!-- validatingAlertPopUpNavigation -->
  <testcase classname="com.nxtgenai.testcases.ScreenNavigation" name="validatingMultipleWindowsNavigation" time="0.0">
    <skipped/>
  </testcase> <!-- validatingMultipleWindowsNavigation -->
  <testcase classname="com.nxtgenai.testcases.ScreenNavigation" name="validatingWebTableNavigation" time="0.001">
    <skipped/>
  </testcase> <!-- validatingWebTableNavigation -->
  <testcase classname="com.nxtgenai.testcases.ScreenNavigation" name="validatingTechTalkNavigation" time="0.0">
    <skipped/>
  </testcase> <!-- validatingTechTalkNavigation -->
  <testcase classname="com.nxtgenai.testcases.ScreenNavigation" name="validatingTestimonialsNavigation" time="0.0">
    <skipped/>
  </testcase> <!-- validatingTestimonialsNavigation -->
  <testcase classname="com.nxtgenai.testcases.ScreenNavigation" name="validatingNumPyNavigation" time="0.001">
    <skipped/>
  </testcase> <!-- validatingNumPyNavigation -->
  <testcase classname="com.nxtgenai.testcases.ScreenNavigation" name="validatingPandasNavigation" time="0.0">
    <skipped/>
  </testcase> <!-- validatingPandasNavigation -->
  <testcase classname="com.nxtgenai.testcases.RegisterDemo" name="registerUser" time="0.001">
    <skipped/>
  </testcase> <!-- registerUser -->
  <testcase classname="com.nxtgenai.testcases.RegisterDemo" name="registerUser" time="0.0">
    <skipped/>
  </testcase> <!-- registerUser -->
  <testcase classname="com.nxtgenai.testcases.HandlingPopUp" name="validateAlertPopUp" time="0.0">
    <skipped/>
  </testcase> <!-- validateAlertPopUp -->
  <testcase classname="com.nxtgenai.testcases.HandlingPopUp" name="validateConfirmAlertPopUp" time="0.0">
    <skipped/>
  </testcase> <!-- validateConfirmAlertPopUp -->
  <testcase classname="com.nxtgenai.testcases.HandlingPopUp" name="validatePromptAlertPopUp" time="0.0">
    <skipped/>
  </testcase> <!-- validatePromptAlertPopUp -->
  <testcase classname="com.nxtgenai.testcases.HandlingMultipleWindows" name="handlingMultipleBrowsers" time="0.001">
    <skipped/>
  </testcase> <!-- handlingMultipleBrowsers -->
  <testcase classname="com.nxtgenai.testcases.HandlingMultipleWindows" name="handlingMultipleTabs" time="0.0">
    <skipped/>
  </testcase> <!-- handlingMultipleTabs -->
  <testcase classname="com.nxtgenai.testcases.HandlingMultipleWindows" name="handlingMultipleMessageWindow" time="0.0">
    <skipped/>
  </testcase> <!-- handlingMultipleMessageWindow -->
  <testcase classname="com.nxtgenai.driverscript.TestBase" name="@AfterSuite tearDown" time="0.0">
    <ignored/>
  </testcase> <!-- @AfterSuite tearDown -->
  <testcase classname="com.nxtgenai.driverscript.TestBase" name="@BeforeSuite setUp" time="0.0">
    <ignored/>
  </testcase> <!-- @BeforeSuite setUp -->
  <testcase classname="com.nxtgenai.driverscript.TestBase" name="@AfterSuite tearDown" time="0.0">
    <ignored/>
  </testcase> <!-- @AfterSuite tearDown -->
  <testcase classname="com.nxtgenai.driverscript.TestBase" name="@BeforeSuite setUp" time="0.0">
    <ignored/>
  </testcase> <!-- @BeforeSuite setUp -->
  <testcase classname="com.nxtgenai.driverscript.TestBase" name="@BeforeSuite setUp" time="0.0">
    <ignored/>
  </testcase> <!-- @BeforeSuite setUp -->
  <testcase classname="com.nxtgenai.driverscript.TestBase" name="@AfterSuite tearDown" time="0.0">
    <ignored/>
  </testcase> <!-- @AfterSuite tearDown -->
</testsuite> <!-- NxtGen AI Suite -->
