<?xml version="1.0" encoding="UTF-8"?>
<!-- Generated by org.testng.reporters.JUnitXMLReporter -->
<testsuite ignored="0" hostname="OPTIMUSPRIME" failures="0" tests="4" name="Default test" time="1.377" errors="0" timestamp="01 Jul 2023 16:06:28 GMT">
  <testcase classname="com.NxtGenAI.TestCase.TestingParameterizationTestNGExcel" name="registerUser" time="0.018"/>
  <testcase classname="com.NxtGenAI.TestCase.TestingParameterizationTestNGExcel" name="registerUser" time="0.008"/>
  <testcase classname="com.NxtGenAI.TestCase.TestingParameterizationTestNGExcel" name="registerUser" time="0.002"/>
  <testcase classname="com.NxtGenAI.TestCase.TestingParameterizationTestNGExcel" name="registerUser" time="0.002"/>
</testsuite> <!-- Default test -->
