<?xml version="1.0" encoding="UTF-8"?>
<testng-results ignored="0" total="4" passed="4" failed="0" skipped="0">
  <reporter-output>
  </reporter-output>
  <suite started-at="2023-07-01T16:06:27Z" name="Default suite" finished-at="2023-07-01T16:06:28Z" duration-ms="1377">
    <groups>
    </groups>
    <test started-at="2023-07-01T16:06:27Z" name="Default test" finished-at="2023-07-01T16:06:28Z" duration-ms="1377">
      <class name="com.NxtGenAI.TestCase.TestingParameterizationTestNGExcel">
        <test-method signature="registerUser(java.lang.String, java.lang.String, java.lang.String)[pri:0, instance:com.NxtGenAI.TestCase.TestingParameterizationTestNGExcel@20ca951f]" started-at="2023-07-01T16:06:28Z" name="registerUser" data-provider="getData" finished-at="2023-07-01T16:06:28Z" duration-ms="18" status="PASS">
          <params>
            <param index="0">
              <value>
                <![CDATA[Subha]]>
              </value>
            </param>
            <param index="1">
              <value>
                <![CDATA[Smita]]>
              </value>
            </param>
            <param index="2">
              <value>
                <![CDATA[752001]]>
              </value>
            </param>
          </params>
          <reporter-output>
          </reporter-output>
        </test-method> <!-- registerUser -->
        <test-method signature="registerUser(java.lang.String, java.lang.String, java.lang.String)[pri:0, instance:com.NxtGenAI.TestCase.TestingParameterizationTestNGExcel@20ca951f]" started-at="2023-07-01T16:06:28Z" name="registerUser" data-provider="getData" finished-at="2023-07-01T16:06:28Z" duration-ms="8" status="PASS">
          <params>
            <param index="0">
              <value>
                <![CDATA[Madhu]]>
              </value>
            </param>
            <param index="1">
              <value>
                <![CDATA[Smita]]>
              </value>
            </param>
            <param index="2">
              <value>
                <![CDATA[752002]]>
              </value>
            </param>
          </params>
          <reporter-output>
          </reporter-output>
        </test-method> <!-- registerUser -->
        <test-method signature="registerUser(java.lang.String, java.lang.String, java.lang.String)[pri:0, instance:com.NxtGenAI.TestCase.TestingParameterizationTestNGExcel@20ca951f]" started-at="2023-07-01T16:06:28Z" name="registerUser" data-provider="getData" finished-at="2023-07-01T16:06:28Z" duration-ms="2" status="PASS">
          <params>
            <param index="0">
              <value>
                <![CDATA[Raja]]>
              </value>
            </param>
            <param index="1">
              <value>
                <![CDATA[Smita]]>
              </value>
            </param>
            <param index="2">
              <value>
                <![CDATA[752001]]>
              </value>
            </param>
          </params>
          <reporter-output>
          </reporter-output>
        </test-method> <!-- registerUser -->
        <test-method signature="registerUser(java.lang.String, java.lang.String, java.lang.String)[pri:0, instance:com.NxtGenAI.TestCase.TestingParameterizationTestNGExcel@20ca951f]" started-at="2023-07-01T16:06:28Z" name="registerUser" data-provider="getData" finished-at="2023-07-01T16:06:28Z" duration-ms="2" status="PASS">
          <params>
            <param index="0">
              <value>
                <![CDATA[Liza]]>
              </value>
            </param>
            <param index="1">
              <value>
                <![CDATA[Rani]]>
              </value>
            </param>
            <param index="2">
              <value>
                <![CDATA[752002]]>
              </value>
            </param>
          </params>
          <reporter-output>
          </reporter-output>
        </test-method> <!-- registerUser -->
      </class> <!-- com.NxtGenAI.TestCase.TestingParameterizationTestNGExcel -->
    </test> <!-- Default test -->
  </suite> <!-- Default suite -->
</testng-results>
