<?xml version="1.0" encoding="UTF-8"?>
<!-- Generated by org.testng.reporters.JUnitXMLReporter -->
<testsuite ignored="0" hostname="OPTIMUSPRIME" failures="0" tests="3" name="Chrome Browser" time="46.338" errors="0" timestamp="2023-06-19T12:39:36 IST">
  <testcase classname="com.TestNg_Methods.RegisterDemoTestNG" name="NavigateToResgisterDemo" time="5.151"/>
  <testcase classname="com.TestNg_Methods.RegisterDemoTestNG" name="registerUser" time="22.609"/>
  <testcase classname="com.TestNg_Methods.RegisterDemoTestNG" name="validatingSuccessfulMsg" time="0.135"/>
</testsuite> <!-- Chrome Browser -->
