<?xml version="1.0" encoding="UTF-8"?>
<!-- Generated by org.testng.reporters.JUnitXMLReporter -->
<testsuite ignored="0" hostname="OPTIMUSPRIME" failures="0" tests="3" name="FireFox Browser" time="59.433" errors="0" timestamp="2023-06-19T12:39:49 IST">
  <testcase classname="com.TestNg_Methods.RegisterDemoTestNG" name="NavigateToResgisterDemo" time="5.243"/>
  <testcase classname="com.TestNg_Methods.RegisterDemoTestNG" name="registerUser" time="12.227"/>
  <testcase classname="com.TestNg_Methods.RegisterDemoTestNG" name="validatingSuccessfulMsg" time="0.077"/>
</testsuite> <!-- FireFox Browser -->
