<?xml version="1.0" encoding="UTF-8"?>
<!-- Generated by org.testng.reporters.JUnitXMLReporter -->
<testsuite ignored="0" hostname="OPTIMUSPRIME" failures="0" tests="9" name="MultiThreadingTestCase" time="0.249" errors="0" timestamp="2023-06-19T13:04:19 IST">
  <testcase classname="com.TestNg_Methods.SampleThread_Program" name="testCase5" time="0.019"/>
  <testcase classname="com.TestNg_Methods.SampleThread_Program" name="myTestCase9" time="0.036"/>
  <testcase classname="com.TestNg_Methods.SampleThread_Program" name="testCase7" time="0.002"/>
  <testcase classname="com.TestNg_Methods.SampleThread_Program" name="testCase3" time="0.054"/>
  <testcase classname="com.TestNg_Methods.SampleThread_Program" name="testCase1" time="0.057"/>
  <testcase classname="com.TestNg_Methods.SampleThread_Program" name="testCase2" time="0.069"/>
  <testcase classname="com.TestNg_Methods.SampleThread_Program" name="testCase4" time="0.074"/>
  <testcase classname="com.TestNg_Methods.SampleThread_Program" name="testCase6" time="0.09"/>
  <testcase classname="com.TestNg_Methods.SampleThread_Program" name="testCase8" time="0.049"/>
</testsuite> <!-- MultiThreadingTestCase -->
