<?xml version="1.0" encoding="UTF-8"?>
<!-- Generated by org.testng.reporters.JUnitXMLReporter -->
<testsuite ignored="0" hostname="OPTIMUSPRIME" failures="2" tests="26" name="NxtGenAIModule" time="0.903" errors="0" timestamp="2023-06-13T21:09:58 IST">
  <testcase classname="com.testNG.Program.Banking_Assert_Validation_TestNg" name="lunchApplication" time="0.092">
    <failure type="java.lang.AssertionError" message="Titles are Same expected [Page Title] but found [PAge Title]">
      <![CDATA[java.lang.AssertionError: Titles are Same expected [Page Title] but found [PAge Title]
at com.testNG.Program.Banking_Assert_Validation_TestNg.lunchApplication(Banking_Assert_Validation_TestNg.java:13)
at java.base/java.util.ArrayList.forEach(ArrayList.java:1541)
... Removed 32 stack frames]]>
    </failure>
  </testcase> <!-- lunchApplication -->
  <testcase classname="com.testNG.Program.Banking_Assert_Validation_TestNg" name="loginUser" time="0.008"/>
  <testcase classname="com.testNG.Program.Banking_Assert_Validation_TestNg" name="CheckSavingAccountBalance" time="0.029"/>
  <testcase classname="com.testNG.Program.Banking_Assert_Validation_TestNg" name="CheckCurrentAccountBalance" time="0.004"/>
  <testcase classname="com.testNG.Program.Banking_Assert_Validation_TestNg" name="logOut" time="0.011"/>
  <testcase classname="com.testNG.Program.Banking_Assert_Validation_TestNg" name="closeApplication" time="0.015"/>
  <testcase classname="com.testNG.Program.Hard_Dependency_TestNG" name="lunchApplication" time="0.008">
    <failure type="java.lang.AssertionError" message="Titles are Same expected [Pag Title] but found [Page Title]">
      <![CDATA[java.lang.AssertionError: Titles are Same expected [Pag Title] but found [Page Title]
at com.testNG.Program.Hard_Dependency_TestNG.lunchApplication(Hard_Dependency_TestNG.java:12)
at java.base/java.util.ArrayList.forEach(ArrayList.java:1541)
... Removed 32 stack frames]]>
    </failure>
  </testcase> <!-- lunchApplication -->
  <testcase classname="com.testNG.Program.Hard_Dependency_TestNG" name="loginUser" time="0.0">
    <skipped/>
  </testcase> <!-- loginUser -->
  <testcase classname="com.testNG.Program.Hard_Dependency_TestNG" name="CheckSavingAccountBalance" time="0.0">
    <skipped/>
  </testcase> <!-- CheckSavingAccountBalance -->
  <testcase classname="com.testNG.Program.Hard_Dependency_TestNG" name="CheckCurrentAccountBalance" time="0.001">
    <skipped/>
  </testcase> <!-- CheckCurrentAccountBalance -->
  <testcase classname="com.testNG.Program.Hard_Dependency_TestNG" name="logOut" time="0.002">
    <skipped/>
  </testcase> <!-- logOut -->
  <testcase classname="com.testNG.Program.Hard_Dependency_TestNG" name="closeApplication" time="0.003"/>
  <testcase classname="com.testNG.Program.Soft_Dependency_TestNG" name="lunchApplication" time="0.005"/>
  <testcase classname="com.testNG.Program.Soft_Dependency_TestNG" name="loginUser" time="0.003"/>
  <testcase classname="com.testNG.Program.Soft_Dependency_TestNG" name="CheckSavingAccountBalance" time="0.002"/>
  <testcase classname="com.testNG.Program.Soft_Dependency_TestNG" name="CheckCurrentAccountBalance" time="0.004"/>
  <testcase classname="com.testNG.Program.Soft_Dependency_TestNG" name="logOut" time="0.003"/>
  <testcase classname="com.testNG.Program.Soft_Dependency_TestNG" name="closeApplication" time="0.003"/>
  <testcase classname="com.TestNg_Methods.ScreenNavigation_Method" name="navigateToRegistrationForm" time="0.003"/>
  <testcase classname="com.TestNg_Methods.ScreenNavigation_Method" name="navigateToAlertAndPopUp" time="0.002"/>
  <testcase classname="com.TestNg_Methods.ScreenNavigation_Method" name="navigateToMultipleWindows" time="0.003"/>
  <testcase classname="com.TestNg_Methods.ScreenNavigation_Method" name="navigateToWebTable" time="0.002"/>
  <testcase classname="com.TestNg_Methods.ScreenNavigation_Class" name="navigateToRegistrationForm" time="0.002"/>
  <testcase classname="com.TestNg_Methods.ScreenNavigation_Class" name="navigateToAlertAndPopUp" time="0.002"/>
  <testcase classname="com.TestNg_Methods.ScreenNavigation_Class" name="navigateToMultipleWindows" time="0.003"/>
  <testcase classname="com.TestNg_Methods.ScreenNavigation_Class" name="navigateToWebTable" time="0.002"/>
</testsuite> <!-- NxtGenAIModule -->
