<?xml version="1.0" encoding="UTF-8"?>
<!-- Generated by org.testng.reporters.JUnitXMLReporter -->
<testsuite ignored="0" hostname="OPTIMUSPRIME" failures="0" tests="13" name="NxtGenAIModules" time="17.093" errors="0" timestamp="2023-06-14T21:51:06 IST">
  <testcase classname="com.TestNg_Methods.NxtGenAi_Suite" name="navigateToRegisterDemo" time="0.473"/>
  <testcase classname="com.TestNg_Methods.NxtGenAi_Suite" name="registerForDomo" time="0.185"/>
  <testcase classname="com.TestNg_Methods.NxtGenAi_Suite" name="navigateToPythonForDataScience" time="0.2"/>
  <testcase classname="com.TestNg_Methods.NxtGenAi_Suite" name="navigateToAutomationWindow" time="1.596"/>
  <testcase classname="com.TestNg_Methods.NxtGenAi_Suite" name="handelNewBrowserWindow" time="3.294"/>
  <testcase classname="com.TestNg_Methods.NxtGenAi_Suite" name="handleNewMessageWindow" time="2.94"/>
  <testcase classname="com.TestNg_Methods.NxtGenAi_Suite" name="handelNewTab" time="2.5"/>
  <testcase classname="com.TestNg_Methods.NxtGenAi_Suite" name="navigateToAutomationAlertPopUp" time="2.406"/>
  <testcase classname="com.TestNg_Methods.NxtGenAi_Suite" name="handelAlertPopUp" time="0.216"/>
  <testcase classname="com.TestNg_Methods.NxtGenAi_Suite" name="handleConfirmAlertPopUp" time="0.335"/>
  <testcase classname="com.TestNg_Methods.NxtGenAi_Suite" name="handelPromptPopUp" time="0.256"/>
  <testcase classname="com.TestNg_Methods.NxtGenAi_Suite" name="navigateToAUtomationTable" time="1.762"/>
  <testcase classname="com.TestNg_Methods.NxtGenAi_Suite" name="extractEmployeeDetails" time="0.664"/>
</testsuite> <!-- NxtGenAIModules -->
