<?xml version="1.0" encoding="UTF-8"?>
<!-- Generated by org.testng.reporters.JUnitXMLReporter -->
<testsuite ignored="0" hostname="OPTIMUSPRIME" failures="0" tests="3" name="Register Demo Test Case" time="27.095" errors="0" timestamp="2023-06-15T20:51:20 IST">
  <testcase classname="com.TestNg_Methods.RegisterDemoTestNG" name="NavigateToResgisterDemo" time="2.784"/>
  <testcase classname="com.TestNg_Methods.RegisterDemoTestNG" name="registerUser" time="5.928"/>
  <testcase classname="com.TestNg_Methods.RegisterDemoTestNG" name="validatingSuccessfulMsg" time="0.086"/>
</testsuite> <!-- Register Demo Test Case -->
