<?xml version="1.0" encoding="UTF-8"?>
<!-- Generated by org.testng.reporters.JUnitXMLReporter -->
<testsuite hostname="OPTIMUSPRIME" ignored="0" name="Default test" tests="3" failures="0" timestamp="09 Oct 2022 11:22:31 GMT" time="0.145" errors="0">
  <testcase name="login" time="0.025" classname="MavenNewProject.MavenTestNGNew.FirstTestNGScript"/>
  <testcase name="select" time="0.003" classname="MavenNewProject.MavenTestNGNew.FirstTestNGScript"/>
  <testcase name="logout" time="0.002" classname="MavenNewProject.MavenTestNGNew.FirstTestNGScript"/>
</testsuite> <!-- Default test -->
