<?xml version="1.0" encoding="UTF-8"?>
<testng-results ignored="0" total="1" passed="1" failed="0" skipped="0">
  <reporter-output>
  </reporter-output>
  <suite started-at="2022-04-05T10:15:58Z" name="Default suite" finished-at="2022-04-05T10:16:19Z" duration-ms="20966">
    <groups>
    </groups>
    <test started-at="2022-04-05T10:15:58Z" name="Default test" finished-at="2022-04-05T10:16:19Z" duration-ms="20966">
      <class name="TestNGFrameWork.NewTest">
        <test-method is-config="true" signature="beforeMethod()[pri:0, instance:TestNGFrameWork.NewTest@55f616cf]" started-at="2022-04-05T10:15:58Z" name="beforeMethod" finished-at="2022-04-05T10:16:13Z" duration-ms="15174" status="PASS">
          <reporter-output>
          </reporter-output>
        </test-method> <!-- beforeMethod -->
        <test-method signature="f()[pri:0, instance:TestNGFrameWork.NewTest@55f616cf]" started-at="2022-04-05T10:16:13Z" name="f" finished-at="2022-04-05T10:16:18Z" duration-ms="5075" status="PASS">
          <reporter-output>
          </reporter-output>
        </test-method> <!-- f -->
        <test-method is-config="true" signature="afterMethod()[pri:0, instance:TestNGFrameWork.NewTest@55f616cf]" started-at="2022-04-05T10:16:18Z" name="afterMethod" finished-at="2022-04-05T10:16:19Z" duration-ms="675" status="PASS">
          <reporter-output>
          </reporter-output>
        </test-method> <!-- afterMethod -->
      </class> <!-- TestNGFrameWork.NewTest -->
    </test> <!-- Default test -->
  </suite> <!-- Default suite -->
</testng-results>
