<?xml version="1.0" encoding="UTF-8"?>
<testng-results skipped="0" failed="0" ignored="0" total="3" passed="3">
  <reporter-output>
    <line>
      <![CDATA[Application is lunched]]>
    </line>
    <line>
      <![CDATA[The first Name is :Pabitra]]>
    </line>
    <line>
      <![CDATA[The last Name is :Pradhan]]>
    </line>
    <line>
      <![CDATA[Male radio Button is selected]]>
    </line>
    <line>
      <![CDATA[The Email Id is:pabitra@gmail.com]]>
    </line>
    <line>
      <![CDATA[The Verification Number is:89]]>
    </line>
    <line>
      <![CDATA[Submit Button is clicked]]>
    </line>
    <line>
      <![CDATA[The Application is closed]]>
    </line>
  </reporter-output>
  <suite name="Default suite" duration-ms="25292" started-at="2022-10-07T11:28:05Z" finished-at="2022-10-07T11:28:31Z">
    <groups>
    </groups>
    <test name="Default test" duration-ms="25292" started-at="2022-10-07T11:28:05Z" finished-at="2022-10-07T11:28:31Z">
      <class name="com.pageObjectModelTestCases.RegisterUser">
        <test-method status="PASS" signature="lunchApplication()[pri:1, instance:com.pageObjectModelTestCases.RegisterUser@1ed4004b]" name="lunchApplication" duration-ms="14929" started-at="2022-10-07T11:28:05Z" finished-at="2022-10-07T11:28:20Z">
          <reporter-output>
            <line>
              <![CDATA[Application is lunched]]>
            </line>
          </reporter-output>
        </test-method> <!-- lunchApplication -->
        <test-method status="PASS" signature="registerUser()[pri:2, instance:com.pageObjectModelTestCases.RegisterUser@1ed4004b]" name="registerUser" duration-ms="9756" started-at="2022-10-07T11:28:20Z" finished-at="2022-10-07T11:28:30Z">
          <reporter-output>
            <line>
              <![CDATA[The first Name is :Pabitra]]>
            </line>
            <line>
              <![CDATA[The last Name is :Pradhan]]>
            </line>
            <line>
              <![CDATA[Male radio Button is selected]]>
            </line>
            <line>
              <![CDATA[The Email Id is:pabitra@gmail.com]]>
            </line>
            <line>
              <![CDATA[The Verification Number is:89]]>
            </line>
            <line>
              <![CDATA[Submit Button is clicked]]>
            </line>
          </reporter-output>
        </test-method> <!-- registerUser -->
        <test-method status="PASS" signature="closeApplication()[pri:3, instance:com.pageObjectModelTestCases.RegisterUser@1ed4004b]" name="closeApplication" duration-ms="506" started-at="2022-10-07T11:28:30Z" finished-at="2022-10-07T11:28:31Z">
          <reporter-output>
            <line>
              <![CDATA[The Application is closed]]>
            </line>
          </reporter-output>
        </test-method> <!-- closeApplication -->
      </class> <!-- com.pageObjectModelTestCases.RegisterUser -->
    </test> <!-- Default test -->
  </suite> <!-- Default suite -->
</testng-results>
