<?xml version="1.0" encoding="UTF-8"?>
<!-- Generated by org.testng.reporters.JUnitXMLReporter -->
<testsuite ignored="0" hostname="OPTIMUSPRIME" failures="0" tests="3" name="Default test" time="54.233" errors="0" timestamp="2024-03-07T20:54:07 IST">
  <testcase classname="com.NxtgenAI.TestCases.Register_User" name="lunchApplication" time="41.647"/>
  <testcase classname="com.NxtgenAI.TestCases.Register_User" name="registerUser" time="11.919"/>
  <testcase classname="com.NxtgenAI.TestCases.Register_User" name="closeApplication" time="0.378"/>
</testsuite> <!-- Default test -->
