<?xml version="1.0" encoding="UTF-8"?>
<testng-results ignored="0" total="3" passed="3" failed="0" skipped="0">
  <reporter-output>
    <line>
      <![CDATA[Application is Lunched]]>
    </line>
    <line>
      <![CDATA[First Name is:Subhasmita]]>
    </line>
    <line>
      <![CDATA[Subhasmita]]>
    </line>
    <line>
      <![CDATA[Last Name is:Jena]]>
    </line>
    <line>
      <![CDATA[Female Radio Button is Slected]]>
    </line>
    <line>
      <![CDATA[Street Address is:Chansandara]]>
    </line>
    <line>
      <![CDATA[Appartment address is:Isha Misty Green]]>
    </line>
    <line>
      <![CDATA[City Name is:Bangalore]]>
    </line>
    <line>
      <![CDATA[Country Name is:India]]>
    </line>
    <line>
      <![CDATA[Postal Code is:560067]]>
    </line>
    <line>
      <![CDATA[State Address is:Karnataka]]>
    </line>
    <line>
      <![CDATA[Email is:subhasmitadoll@gmail.com]]>
    </line>
    <line>
      <![CDATA[Date of Birth is:02/05/1994]]>
    </line>
    <line>
      <![CDATA[Hour is:05]]>
    </line>
    <line>
      <![CDATA[Hour is:45]]>
    </line>
    <line>
      <![CDATA[Mobile no is:7853860002]]>
    </line>
    <line>
      <![CDATA[First Course is selected]]>
    </line>
    <line>
      <![CDATA[Second Course is selected]]>
    </line>
    <line>
      <![CDATA[Query is:I choose TestNg and Functional Testing]]>
    </line>
    <line>
      <![CDATA[Verification Number is:45]]>
    </line>
    <line>
      <![CDATA[Submit Button is Clicked]]>
    </line>
    <line>
      <![CDATA[User is Registered]]>
    </line>
    <line>
      <![CDATA[Application is Closed]]>
    </line>
  </reporter-output>
  <suite started-at="2024-03-07T20:55:31 IST" name="AutomationSuite" finished-at="2024-03-07T20:56:00 IST" duration-ms="29438">
    <groups>
    </groups>
    <test started-at="2024-03-07T20:55:31 IST" name="RegisterDemoTestCases" finished-at="2024-03-07T20:56:00 IST" duration-ms="29438">
      <class name="com.NxtgenAI.TestCases.Register_User">
        <test-method signature="lunchApplication()[pri:1, instance:com.NxtgenAI.TestCases.Register_User@2cf3d63b]" started-at="2024-03-07T20:55:31 IST" name="lunchApplication" finished-at="2024-03-07T20:55:52 IST" duration-ms="20857" status="PASS">
          <reporter-output>
            <line>
              <![CDATA[Application is Lunched]]>
            </line>
          </reporter-output>
        </test-method> <!-- lunchApplication -->
        <test-method signature="registerUser()[pri:2, instance:com.NxtgenAI.TestCases.Register_User@2cf3d63b]" started-at="2024-03-07T20:55:52 IST" name="registerUser" finished-at="2024-03-07T20:56:00 IST" duration-ms="7849" status="PASS">
          <reporter-output>
            <line>
              <![CDATA[First Name is:Subhasmita]]>
            </line>
            <line>
              <![CDATA[Subhasmita]]>
            </line>
            <line>
              <![CDATA[Last Name is:Jena]]>
            </line>
            <line>
              <![CDATA[Female Radio Button is Slected]]>
            </line>
            <line>
              <![CDATA[Street Address is:Chansandara]]>
            </line>
            <line>
              <![CDATA[Appartment address is:Isha Misty Green]]>
            </line>
            <line>
              <![CDATA[City Name is:Bangalore]]>
            </line>
            <line>
              <![CDATA[Country Name is:India]]>
            </line>
            <line>
              <![CDATA[Postal Code is:560067]]>
            </line>
            <line>
              <![CDATA[State Address is:Karnataka]]>
            </line>
            <line>
              <![CDATA[Email is:subhasmitadoll@gmail.com]]>
            </line>
            <line>
              <![CDATA[Date of Birth is:02/05/1994]]>
            </line>
            <line>
              <![CDATA[Hour is:05]]>
            </line>
            <line>
              <![CDATA[Hour is:45]]>
            </line>
            <line>
              <![CDATA[Mobile no is:7853860002]]>
            </line>
            <line>
              <![CDATA[First Course is selected]]>
            </line>
            <line>
              <![CDATA[Second Course is selected]]>
            </line>
            <line>
              <![CDATA[Query is:I choose TestNg and Functional Testing]]>
            </line>
            <line>
              <![CDATA[Verification Number is:45]]>
            </line>
            <line>
              <![CDATA[Submit Button is Clicked]]>
            </line>
            <line>
              <![CDATA[User is Registered]]>
            </line>
          </reporter-output>
        </test-method> <!-- registerUser -->
        <test-method signature="closeApplication()[pri:3, instance:com.NxtgenAI.TestCases.Register_User@2cf3d63b]" started-at="2024-03-07T20:56:00 IST" name="closeApplication" finished-at="2024-03-07T20:56:00 IST" duration-ms="581" status="PASS">
          <reporter-output>
            <line>
              <![CDATA[Application is Closed]]>
            </line>
          </reporter-output>
        </test-method> <!-- closeApplication -->
      </class> <!-- com.NxtgenAI.TestCases.Register_User -->
    </test> <!-- RegisterDemoTestCases -->
  </suite> <!-- AutomationSuite -->
</testng-results>
