<?xml version="1.0" encoding="UTF-8"?>
<!-- Generated by org.testng.reporters.JUnitXMLReporter -->
<testsuite ignored="0" hostname="OPTIMUSPRIME" failures="0" tests="3" name="RegisterDemoTestCases" time="21.711" errors="0" timestamp="2023-06-20T16:49:26 IST">
  <testcase classname="com.NxtgenAI.TestCases.Register_User" name="lunchApplication" time="13.189"/>
  <testcase classname="com.NxtgenAI.TestCases.Register_User" name="registerUser" time="8.213"/>
  <testcase classname="com.NxtgenAI.TestCases.Register_User" name="closeApplication" time="0.175"/>
</testsuite> <!-- RegisterDemoTestCases -->
