<?xml version="1.0" encoding="UTF-8"?>
<!-- Generated by org.testng.reporters.JUnitXMLReporter -->
<testsuite ignored="0" hostname="OPTIMUSPRIME" failures="0" tests="3" name="RegisterDemoTestCase" time="16.774" errors="0" timestamp="2023-06-20T16:43:53 IST">
  <testcase classname="com.NxtgenAI.Pages.Register_User" name="lunchApplication" time="11.298"/>
  <testcase classname="com.NxtgenAI.Pages.Register_User" name="registerUser" time="5.196"/>
  <testcase classname="com.NxtgenAI.Pages.Register_User" name="closeApplication" time="0.165"/>
</testsuite> <!-- RegisterDemoTestCase -->
