<?xml version="1.0" encoding="UTF-8"?>
<testng-results skipped="0" failed="0" ignored="0" total="1" passed="1">
  <reporter-output>
  </reporter-output>
  <suite name="Default suite" duration-ms="63828" started-at="2022-02-16T16:28:45Z" finished-at="2022-02-16T16:29:49Z">
    <groups>
    </groups>
    <test name="Default test" duration-ms="63828" started-at="2022-02-16T16:28:45Z" finished-at="2022-02-16T16:29:49Z">
      <class name="com.TestNG.TGN_001">
        <test-method status="PASS" signature="startProcess()[pri:0, instance:com.TestNG.TGN_001@5c3bd550]" name="startProcess" is-config="true" duration-ms="38045" started-at="2022-02-16T21:58:45Z" finished-at="2022-02-16T21:59:23Z">
          <reporter-output>
          </reporter-output>
        </test-method> <!-- startProcess -->
        <test-method status="PASS" signature="amazon()[pri:0, instance:com.TestNG.TGN_001@5c3bd550]" name="amazon" duration-ms="16962" started-at="2022-02-16T21:59:23Z" finished-at="2022-02-16T21:59:40Z">
          <reporter-output>
          </reporter-output>
        </test-method> <!-- amazon -->
        <test-method status="PASS" signature="endProcess()[pri:0, instance:com.TestNG.TGN_001@5c3bd550]" name="endProcess" is-config="true" duration-ms="8751" started-at="2022-02-16T21:59:40Z" finished-at="2022-02-16T21:59:49Z">
          <reporter-output>
          </reporter-output>
        </test-method> <!-- endProcess -->
      </class> <!-- com.TestNG.TGN_001 -->
    </test> <!-- Default test -->
  </suite> <!-- Default suite -->
</testng-results>
