<?xml version="1.0" encoding="UTF-8"?>
<!-- Generated by org.testng.reporters.JUnitXMLReporter -->
<testsuite ignored="0" hostname="OPTIMUSPRIME" failures="0" tests="13" name="Default test" time="9.686" errors="0" timestamp="2023-06-14T13:21:42 IST">
  <testcase classname="com.TestNg_Methods.NxtGenAi_Suite" name="navigateToRegisterDemo" time="0.654"/>
  <testcase classname="com.TestNg_Methods.NxtGenAi_Suite" name="registerForDomo" time="0.223"/>
  <testcase classname="com.TestNg_Methods.NxtGenAi_Suite" name="navigateToPythonForDataScience" time="0.23"/>
  <testcase classname="com.TestNg_Methods.NxtGenAi_Suite" name="navigateToAutomationWindow" time="1.326"/>
  <testcase classname="com.TestNg_Methods.NxtGenAi_Suite" name="handelNewBrowserWindow" time="3.651"/>
  <testcase classname="com.TestNg_Methods.NxtGenAi_Suite" name="handleNewMessageWindow" time="1.651"/>
  <testcase classname="com.TestNg_Methods.NxtGenAi_Suite" name="handelNewTab" time="1.658"/>
  <testcase classname="com.TestNg_Methods.NxtGenAi_Suite" name="navigateToAutomationAlertPopUp" time="0.003"/>
  <testcase classname="com.TestNg_Methods.NxtGenAi_Suite" name="handleConfirmAlertPopUp" time="0.007"/>
  <testcase classname="com.TestNg_Methods.NxtGenAi_Suite" name="handelAlertPopUp" time="0.002"/>
  <testcase classname="com.TestNg_Methods.NxtGenAi_Suite" name="handelPromptPopUp" time="0.002"/>
  <testcase classname="com.TestNg_Methods.NxtGenAi_Suite" name="navigateToAUtomationTable" time="0.015"/>
  <testcase classname="com.TestNg_Methods.NxtGenAi_Suite" name="extractEmployeeDetails" time="0.002"/>
</testsuite> <!-- Default test -->
