<?xml version="1.0" encoding="UTF-8"?>
<testng-results ignored="0" total="11" passed="10" failed="1" skipped="0">
  <reporter-output>
  </reporter-output>
  <suite started-at="2022-06-12T18:26:56 IST" name="Default suite" finished-at="2022-06-12T18:27:26 IST" duration-ms="30095">
    <groups>
    </groups>
    <test started-at="2022-06-12T18:26:56 IST" name="Default test" finished-at="2022-06-12T18:27:26 IST" duration-ms="30095">
      <class name="com.nxtgenai.testcases.ScreenNavigation">
        <test-method is-config="true" signature="setUp()[pri:0, instance:com.nxtgenai.testcases.ScreenNavigation@b78a709]" started-at="2022-06-12T18:26:46 IST" name="setUp" finished-at="2022-06-12T18:26:56 IST" duration-ms="10149" status="PASS">
          <reporter-output>
          </reporter-output>
        </test-method> <!-- setUp -->
        <test-method signature="validatingPythonForDataScienceNavigation()[pri:1, instance:com.nxtgenai.testcases.ScreenNavigation@b78a709]" started-at="2022-06-12T18:26:56 IST" name="validatingPythonForDataScienceNavigation" finished-at="2022-06-12T18:26:59 IST" duration-ms="2601" status="PASS">
          <reporter-output>
          </reporter-output>
        </test-method> <!-- validatingPythonForDataScienceNavigation -->
        <test-method signature="validatingCourseCompletionCertificateNavigation()[pri:2, instance:com.nxtgenai.testcases.ScreenNavigation@b78a709]" started-at="2022-06-12T18:26:59 IST" name="validatingCourseCompletionCertificateNavigation" finished-at="2022-06-12T18:27:01 IST" duration-ms="1724" status="PASS">
          <reporter-output>
          </reporter-output>
        </test-method> <!-- validatingCourseCompletionCertificateNavigation -->
        <test-method signature="validatingSeleniumOnlineTrainingNavigation()[pri:3, instance:com.nxtgenai.testcases.ScreenNavigation@b78a709]" started-at="2022-06-12T18:27:01 IST" name="validatingSeleniumOnlineTrainingNavigation" finished-at="2022-06-12T18:27:01 IST" duration-ms="560" status="FAIL">
          <exception class="org.openqa.selenium.NoSuchElementException">
            <message>
              <![CDATA[no such element: Unable to locate element: {"method":"partial link text","selector":"Online Training"}
  (Session info: chrome=102.0.5005.115)
For documentation on this error, please visit: https://selenium.dev/exceptions/#no_such_element
Build info: version: '4.2.2', revision: '683ccb65d6'
System info: host: 'DESKTOP-QMSQO3B', ip: '192.168.1.9', os.name: 'Windows 10', os.arch: 'amd64', os.version: '10.0', java.version: '11.0.10'
Driver info: org.openqa.selenium.chrome.ChromeDriver
Command: [55c4031a516981e8fdff20fe96a7dbfb, findElement {using=partial link text, value=Online Training}]
Capabilities {acceptInsecureCerts: false, browserName: chrome, browserVersion: 102.0.5005.115, chrome: {chromedriverVersion: 102.0.5005.61 (0e59bcc00cc4..., userDataDir: C:\Users\User\AppData\Local...}, goog:chromeOptions: {debuggerAddress: localhost:54504}, networkConnectionEnabled: false, pageLoadStrategy: normal, platformName: WINDOWS, proxy: Proxy(), se:cdp: ws://localhost:54504/devtoo..., se:cdpVersion: 102.0.5005.115, setWindowRect: true, strictFileInteractability: false, timeouts: {implicit: 0, pageLoad: 300000, script: 30000}, unhandledPromptBehavior: dismiss and notify, webauthn:extension:credBlob: true, webauthn:extension:largeBlob: true, webauthn:virtualAuthenticators: true}
Session ID: 55c4031a516981e8fdff20fe96a7dbfb]]>
            </message>
            <full-stacktrace>
              <![CDATA[org.openqa.selenium.NoSuchElementException: no such element: Unable to locate element: {"method":"partial link text","selector":"Online Training"}
  (Session info: chrome=102.0.5005.115)
For documentation on this error, please visit: https://selenium.dev/exceptions/#no_such_element
Build info: version: '4.2.2', revision: '683ccb65d6'
System info: host: 'DESKTOP-QMSQO3B', ip: '192.168.1.9', os.name: 'Windows 10', os.arch: 'amd64', os.version: '10.0', java.version: '11.0.10'
Driver info: org.openqa.selenium.chrome.ChromeDriver
Command: [55c4031a516981e8fdff20fe96a7dbfb, findElement {using=partial link text, value=Online Training}]
Capabilities {acceptInsecureCerts: false, browserName: chrome, browserVersion: 102.0.5005.115, chrome: {chromedriverVersion: 102.0.5005.61 (0e59bcc00cc4..., userDataDir: C:\Users\User\AppData\Local...}, goog:chromeOptions: {debuggerAddress: localhost:54504}, networkConnectionEnabled: false, pageLoadStrategy: normal, platformName: WINDOWS, proxy: Proxy(), se:cdp: ws://localhost:54504/devtoo..., se:cdpVersion: 102.0.5005.115, setWindowRect: true, strictFileInteractability: false, timeouts: {implicit: 0, pageLoad: 300000, script: 30000}, unhandledPromptBehavior: dismiss and notify, webauthn:extension:credBlob: true, webauthn:extension:largeBlob: true, webauthn:virtualAuthenticators: true}
Session ID: 55c4031a516981e8fdff20fe96a7dbfb
at java.base/jdk.internal.reflect.NativeConstructorAccessorImpl.newInstance0(Native Method)
at java.base/jdk.internal.reflect.NativeConstructorAccessorImpl.newInstance(NativeConstructorAccessorImpl.java:62)
at java.base/jdk.internal.reflect.DelegatingConstructorAccessorImpl.newInstance(DelegatingConstructorAccessorImpl.java:45)
at java.base/java.lang.reflect.Constructor.newInstance(Constructor.java:490)
at org.openqa.selenium.remote.codec.w3c.W3CHttpResponseCodec.createException(W3CHttpResponseCodec.java:200)
at org.openqa.selenium.remote.codec.w3c.W3CHttpResponseCodec.decode(W3CHttpResponseCodec.java:133)
at org.openqa.selenium.remote.codec.w3c.W3CHttpResponseCodec.decode(W3CHttpResponseCodec.java:53)
at org.openqa.selenium.remote.HttpCommandExecutor.execute(HttpCommandExecutor.java:184)
at org.openqa.selenium.remote.service.DriverCommandExecutor.invokeExecute(DriverCommandExecutor.java:167)
at org.openqa.selenium.remote.service.DriverCommandExecutor.execute(DriverCommandExecutor.java:142)
at org.openqa.selenium.remote.RemoteWebDriver.execute(RemoteWebDriver.java:588)
at org.openqa.selenium.remote.ElementLocation$ElementFinder$2.findElement(ElementLocation.java:162)
at org.openqa.selenium.remote.ElementLocation.findElement(ElementLocation.java:60)
at org.openqa.selenium.remote.RemoteWebDriver.findElement(RemoteWebDriver.java:406)
at org.openqa.selenium.remote.RemoteWebDriver.findElement(RemoteWebDriver.java:398)
at org.openqa.selenium.support.pagefactory.DefaultElementLocator.findElement(DefaultElementLocator.java:70)
at org.openqa.selenium.support.pagefactory.internal.LocatingElementHandler.invoke(LocatingElementHandler.java:39)
at com.sun.proxy.$Proxy17.click(Unknown Source)
at com.nxtgenai.pages.NxtGenHomePage.navigateToSeleniumOnlineTraining(NxtGenHomePage.java:122)
at com.nxtgenai.testcases.ScreenNavigation.validatingSeleniumOnlineTrainingNavigation(ScreenNavigation.java:27)
at java.base/jdk.internal.reflect.NativeMethodAccessorImpl.invoke0(Native Method)
at java.base/jdk.internal.reflect.NativeMethodAccessorImpl.invoke(NativeMethodAccessorImpl.java:62)
at java.base/jdk.internal.reflect.DelegatingMethodAccessorImpl.invoke(DelegatingMethodAccessorImpl.java:43)
at java.base/java.lang.reflect.Method.invoke(Method.java:566)
at org.testng.internal.invokers.MethodInvocationHelper.invokeMethod(MethodInvocationHelper.java:139)
at org.testng.internal.invokers.TestInvoker.invokeMethod(TestInvoker.java:677)
at org.testng.internal.invokers.TestInvoker.invokeTestMethod(TestInvoker.java:221)
at org.testng.internal.invokers.MethodRunner.runInSequence(MethodRunner.java:50)
at org.testng.internal.invokers.TestInvoker$MethodInvocationAgent.invoke(TestInvoker.java:962)
at org.testng.internal.invokers.TestInvoker.invokeTestMethods(TestInvoker.java:194)
at org.testng.internal.invokers.TestMethodWorker.invokeTestMethods(TestMethodWorker.java:148)
at org.testng.internal.invokers.TestMethodWorker.run(TestMethodWorker.java:128)
at java.base/java.util.ArrayList.forEach(ArrayList.java:1541)
at org.testng.TestRunner.privateRun(TestRunner.java:806)
at org.testng.TestRunner.run(TestRunner.java:601)
at org.testng.SuiteRunner.runTest(SuiteRunner.java:433)
at org.testng.SuiteRunner.runSequentially(SuiteRunner.java:427)
at org.testng.SuiteRunner.privateRun(SuiteRunner.java:387)
at org.testng.SuiteRunner.run(SuiteRunner.java:330)
at org.testng.SuiteRunnerWorker.runSuite(SuiteRunnerWorker.java:52)
at org.testng.SuiteRunnerWorker.run(SuiteRunnerWorker.java:95)
at org.testng.TestNG.runSuitesSequentially(TestNG.java:1256)
at org.testng.TestNG.runSuitesLocally(TestNG.java:1176)
at org.testng.TestNG.runSuites(TestNG.java:1099)
at org.testng.TestNG.run(TestNG.java:1067)
at org.testng.remote.AbstractRemoteTestNG.run(AbstractRemoteTestNG.java:115)
at org.testng.remote.RemoteTestNG.initAndRun(RemoteTestNG.java:251)
at org.testng.remote.RemoteTestNG.main(RemoteTestNG.java:77)
]]>
            </full-stacktrace>
          </exception> <!-- org.openqa.selenium.NoSuchElementException -->
          <reporter-output>
          </reporter-output>
        </test-method> <!-- validatingSeleniumOnlineTrainingNavigation -->
        <test-method signature="validatingRegistrationFormNavigation()[pri:4, instance:com.nxtgenai.testcases.ScreenNavigation@b78a709]" started-at="2022-06-12T18:27:01 IST" name="validatingRegistrationFormNavigation" finished-at="2022-06-12T18:27:03 IST" duration-ms="1771" status="PASS">
          <reporter-output>
          </reporter-output>
        </test-method> <!-- validatingRegistrationFormNavigation -->
        <test-method signature="validatingAlertPopUpNavigation()[pri:5, instance:com.nxtgenai.testcases.ScreenNavigation@b78a709]" started-at="2022-06-12T18:27:03 IST" name="validatingAlertPopUpNavigation" finished-at="2022-06-12T18:27:05 IST" duration-ms="2121" status="PASS">
          <reporter-output>
          </reporter-output>
        </test-method> <!-- validatingAlertPopUpNavigation -->
        <test-method signature="validatingMultipleWindowsNavigation()[pri:6, instance:com.nxtgenai.testcases.ScreenNavigation@b78a709]" started-at="2022-06-12T18:27:05 IST" name="validatingMultipleWindowsNavigation" finished-at="2022-06-12T18:27:07 IST" duration-ms="1497" status="PASS">
          <reporter-output>
          </reporter-output>
        </test-method> <!-- validatingMultipleWindowsNavigation -->
        <test-method signature="validatingWebTableNavigation()[pri:7, instance:com.nxtgenai.testcases.ScreenNavigation@b78a709]" started-at="2022-06-12T18:27:07 IST" name="validatingWebTableNavigation" finished-at="2022-06-12T18:27:08 IST" duration-ms="1712" status="PASS">
          <reporter-output>
          </reporter-output>
        </test-method> <!-- validatingWebTableNavigation -->
        <test-method signature="validatingTechTalkNavigation()[pri:8, instance:com.nxtgenai.testcases.ScreenNavigation@b78a709]" started-at="2022-06-12T18:27:08 IST" name="validatingTechTalkNavigation" finished-at="2022-06-12T18:27:10 IST" duration-ms="1590" status="PASS">
          <reporter-output>
          </reporter-output>
        </test-method> <!-- validatingTechTalkNavigation -->
        <test-method signature="validatingTestimonialsNavigation()[pri:9, instance:com.nxtgenai.testcases.ScreenNavigation@b78a709]" started-at="2022-06-12T18:27:10 IST" name="validatingTestimonialsNavigation" finished-at="2022-06-12T18:27:11 IST" duration-ms="1597" status="PASS">
          <reporter-output>
          </reporter-output>
        </test-method> <!-- validatingTestimonialsNavigation -->
        <test-method signature="validatingNumPyNavigation()[pri:10, instance:com.nxtgenai.testcases.ScreenNavigation@b78a709]" started-at="2022-06-12T18:27:11 IST" name="validatingNumPyNavigation" finished-at="2022-06-12T18:27:24 IST" duration-ms="12175" status="PASS">
          <reporter-output>
          </reporter-output>
        </test-method> <!-- validatingNumPyNavigation -->
        <test-method signature="validatingPandasNavigation()[pri:11, instance:com.nxtgenai.testcases.ScreenNavigation@b78a709]" started-at="2022-06-12T18:27:24 IST" name="validatingPandasNavigation" finished-at="2022-06-12T18:27:26 IST" duration-ms="2425" status="PASS">
          <reporter-output>
          </reporter-output>
        </test-method> <!-- validatingPandasNavigation -->
        <test-method is-config="true" signature="tearDown()[pri:0, instance:com.nxtgenai.testcases.ScreenNavigation@b78a709]" started-at="2022-06-12T18:27:26 IST" name="tearDown" finished-at="2022-06-12T18:27:27 IST" duration-ms="973" status="PASS">
          <reporter-output>
          </reporter-output>
        </test-method> <!-- tearDown -->
      </class> <!-- com.nxtgenai.testcases.ScreenNavigation -->
    </test> <!-- Default test -->
  </suite> <!-- Default suite -->
</testng-results>
