<?xml version="1.0" encoding="UTF-8"?>
<!-- Generated by org.testng.reporters.JUnitXMLReporter -->
<testsuite ignored="0" hostname="OPTIMUSPRIME" failures="0" tests="3" name="RegisterDemoTestCases" time="29.438" errors="0" timestamp="2024-03-07T20:56:00 IST">
  <testcase classname="com.NxtgenAI.TestCases.Register_User" name="lunchApplication" time="20.857"/>
  <testcase classname="com.NxtgenAI.TestCases.Register_User" name="registerUser" time="7.849"/>
  <testcase classname="com.NxtgenAI.TestCases.Register_User" name="closeApplication" time="0.581"/>
</testsuite> <!-- RegisterDemoTestCases -->
